0 info it worked if it ends with ok
1 verbose cli [ '/usr/local/bin/node', '/usr/local/bin/npm', 'run', 'mockJs' ]
2 info using npm@4.1.2
3 info using node@v7.7.4
4 verbose run-script [ 'premockJs', 'mockJs', 'postmockJs' ]
5 info lifecycle es2015@1.0.0~premockJs: es2015@1.0.0
6 silly lifecycle es2015@1.0.0~premockJs: no script for premockJs, continuing
7 info lifecycle es2015@1.0.0~mockJs: es2015@1.0.0
8 verbose lifecycle es2015@1.0.0~mockJs: unsafe-perm in lifecycle true
9 verbose lifecycle es2015@1.0.0~mockJs: PATH: /usr/local/lib/node_modules/npm/bin/node-gyp-bin:/Users/Abunuo/Desktop/IChuanYi/node_modules/.bin:/usr/local/bin:/usr/bin:/bin:/usr/sbin:/sbin
10 verbose lifecycle es2015@1.0.0~mockJs: CWD: /Users/Abunuo/Desktop/IChuanYi
11 silly lifecycle es2015@1.0.0~mockJs: Args: [ '-c', 'sudo json-server ./prd/mock/mock.js -p 8888' ]
12 silly lifecycle es2015@1.0.0~mockJs: Returned: code: 1  signal: null
13 info lifecycle es2015@1.0.0~mockJs: Failed to exec mockJs script
14 verbose stack Error: es2015@1.0.0 mockJs: `sudo json-server ./prd/mock/mock.js -p 8888`
14 verbose stack Exit status 1
14 verbose stack     at EventEmitter.<anonymous> (/usr/local/lib/node_modules/npm/lib/utils/lifecycle.js:279:16)
14 verbose stack     at emitTwo (events.js:106:13)
14 verbose stack     at EventEmitter.emit (events.js:194:7)
14 verbose stack     at ChildProcess.<anonymous> (/usr/local/lib/node_modules/npm/lib/utils/spawn.js:40:14)
14 verbose stack     at emitTwo (events.js:106:13)
14 verbose stack     at ChildProcess.emit (events.js:194:7)
14 verbose stack     at maybeClose (internal/child_process.js:899:16)
14 verbose stack     at Process.ChildProcess._handle.onexit (internal/child_process.js:226:5)
15 verbose pkgid es2015@1.0.0
16 verbose cwd /Users/Abunuo/Desktop/IChuanYi
17 error Darwin 16.4.0
18 error argv "/usr/local/bin/node" "/usr/local/bin/npm" "run" "mockJs"
19 error node v7.7.4
20 error npm  v4.1.2
21 error code ELIFECYCLE
22 error es2015@1.0.0 mockJs: `sudo json-server ./prd/mock/mock.js -p 8888`
22 error Exit status 1
23 error Failed at the es2015@1.0.0 mockJs script 'sudo json-server ./prd/mock/mock.js -p 8888'.
23 error Make sure you have the latest version of node.js and npm installed.
23 error If you do, this is most likely a problem with the es2015 package,
23 error not with npm itself.
23 error Tell the author that this fails on your system:
23 error     sudo json-server ./prd/mock/mock.js -p 8888
23 error You can get information on how to open an issue for this project with:
23 error     npm bugs es2015
23 error Or if that isn't available, you can get their info via:
23 error     npm owner ls es2015
23 error There is likely additional logging output above.
24 verbose exit [ 1, true ]
